[Sat Apr  5 17:15:56 2025] Applying restrictions...
[Sat Apr  5 17:15:56 2025] Simulating: Blocking internet (iptables rules)
[Sat Apr  5 17:15:56 2025] Simulating: Disabling USB storage (modprobe -r usb-storage)
[Sat Apr  5 17:15:56 2025] Simulating: Restricting file system (chmod 700 lab_dir)
[Sat Apr  5 17:15:56 2025] Monitoring processes... (Allowed: notepad.exe, python.exe)
[Sat Apr  5 17:15:56 2025] Simulating: Terminating unauthorized process 'chrome.exe'
[Sat Apr  5 17:16:01 2025] Monitoring processes... (Allowed: notepad.exe, python.exe)
[Sat Apr  5 17:16:01 2025] Simulating: Terminating unauthorized process 'chrome.exe'
[Sat Apr  5 17:16:06 2025] Monitoring processes... (Allowed: notepad.exe, python.exe)
[Sat Apr  5 17:16:06 2025] Simulating: Terminating unauthorized process 'chrome.exe'
[Sat Apr  5 17:16:11 2025] Monitoring processes... (Allowed: notepad.exe, python.exe)
[Sat Apr  5 17:16:11 2025] Simulating: Terminating unauthorized process 'chrome.exe'
[Sat Apr  5 17:16:16 2025] Monitoring processes... (Allowed: notepad.exe, python.exe)
[Sat Apr  5 17:16:16 2025] Simulating: Terminating unauthorized process 'chrome.exe'
[Sat Apr  5 17:16:21 2025] Monitoring processes... (Allowed: notepad.exe, python.exe)
[Sat Apr  5 17:16:21 2025] Simulating: Terminating unauthorized process 'chrome.exe'
[Sat Apr  5 17:16:26 2025] Reverting restrictions...
[Sat Apr  5 17:16:26 2025] Simulating: Restoring internet (iptables -F)
[Sat Apr  5 17:16:26 2025] Simulating: Enabling USB storage (modprobe usb-storage)
[Sat Apr  5 17:16:26 2025] Simulating: Restoring file system (chmod 755 home_dir)
